Diagnose log at 2025-06-16T14:39:48Z

AppPath: C:\Program Files\Git\mingw64\bin\git-credential-manager.exe
InstallDir: C:\Program Files\Git\mingw64\bin\
Version: 2.5.0+d34930736e131ad80e5690e5634ced1808aff3e2

------------
Diagnostic: Environment
Skipped: False
Success: True
Exception: None
Log:
OSType: Windows
OSVersion: 10.0 (build 26100)
Reading environment variables... OK
 Variables:
HOMEPATH=\Users\USUARIO
DriverData=C:\Windows\System32\Drivers\DriverData
COMPUTERNAME=POADIAZ
MSYSTEM=MINGW64
CommonProgramFiles(x86)=C:\Program Files (x86)\Common Files
PROCESSOR_LEVEL=6
OneDrive=C:\Users\USUARIO\OneDrive
LEVEL_ZERO_V1_SDK_PATH=C:\Program Files\LevelZeroSDK\1.21.10\
ProgramFiles(x86)=C:\Program Files (x86)
CONFIG_SITE=C:/Program Files/Git/etc/config.site
LC_CTYPE=es_ES.UTF-8
USERDOMAIN=POADIAZ
PATHEXT=.COM;.EXE;.BAT;.CMD;.VBS;.VBE;.JS;.JSE;.WSF;.WSH;.MSC
MSYSTEM_PREFIX=C:/Program Files/Git/mingw64
GIT_TRACE2_PARENT_SID=2d29c2d3-e2eb-4969-9085-f16aa221466e
MINGW_PREFIX=C:/Program Files/Git/mingw64
GIT_EXEC_PATH=C:/Program Files/Git/mingw64/libexec/git-core
ACLOCAL_PATH=C:\Program Files\Git\mingw64\share\aclocal;C:\Program Files\Git\usr\share\aclocal
TEMP=C:\Users\USUARIO\AppData\Local\Temp
LOCALAPPDATA=C:\Users\USUARIO\AppData\Local
MANPATH=C:\Program Files\Git\mingw64\local\man;C:\Program Files\Git\mingw64\share\man;C:\Program Files\Git\usr\local\man;C:\Program Files\Git\usr\share\man;C:\Program Files\Git\usr\man;C:\Program Files\Git\share\man
SESSIONNAME=Console
EFC_20500_1592913036=1
PROCESSOR_IDENTIFIER=Intel64 Family 6 Model 154 Stepping 4, GenuineIntel
MSYSTEM_CARCH=x86_64
PROGRAMFILES=C:\Program Files (x86)
ProgramData=C:\ProgramData
JAVA_HOME=C:\Program Files\Java\jdk-17
TERM_PROGRAM_VERSION=3.7.1
ORIGINAL_TMP=C:/Users/USUARIO/AppData/Local/Temp
PROCESSOR_REVISION=9a04
SYSTEMROOT=C:\WINDOWS
TERM_PROGRAM=mintty
ORIGINAL_PATH=C:\Program Files\Git\mingw64\bin;C:\Program Files\Git\usr\bin;C:\Users\USUARIO\bin;C:\Users\USUARIO\AppData\Local\Programs\cursor\resources\app\bin;C:\Program Files (x86)\Microsoft\Edge\Application;C:\Program Files\Common Files\Oracle\Java\javapath;C:\Program Files (x86)\Common Files\Oracle\Java\java8path;C:\Program Files (x86)\Common Files\Oracle\Java\javapath;C:\WINDOWS\system32;C:\WINDOWS;C:\WINDOWS\System32\Wbem;C:\WINDOWS\System32\WindowsPowerShell\v1.0;C:\WINDOWS\System32\OpenSSH;C:\Program Files\dotnet;C:\Program Files\nodejs;C:\Program Files\RedHat\java-1.8.0-openjdk-1.8.0.412-1\bin;C:\Program Files\RedHat\java-1.8.0-openjdk-1.8.0.412-1\jre\bin;C:\flutter\flutter_windows_3.29.2-stable\flutter\bin;C:\Program Files (x86)\Windows Kits\10\Windows Performance Toolkit;C:\Users\USUARIO\AppData\Local\Programs\Python\Launcher;C:\Users\USUARIO\AppData\Local\Microsoft\WindowsApps;C:\Users\USUARIO\AppData\Local\GitHubDesktop\bin;C:\Users\USUARIO\AppData\Roaming\npm;C:\Users\USUARIO\Documents\IntelliJ IDEA Community Edition 2024.2.1\bin;C:\Program Files\Java\jdk-17\bin;C:\Users\USUARIO\.lm;C:\Users\USUARIO\AppData\Local\Programs\cursor\resources\app\bin;C:\Users\USUARIO\AppData\Local\Programs\Python\Launcher;C:\Users\USUARIO\AppData\Local\Microsoft\WindowsApps;C:\Users\USUARIO\AppData\Local\GitHubDesktop\bin;C:\Users\USUARIO\AppData\Roaming\npm;C:\Users\USUARIO\AppData\Local\Programs\Microsoft VS Code\bin;C:\Users\USUARIO\Documents\IntelliJ IDEA Community Edition 2024.2.1\bin;C:\Program Files\Java\jdk-17\bin;C:\Users\USUARIO\.lmstudio\bin;C:\Users\USUARIO\Documents\proyectosFlutter\flutter\bin;C:\flutter\flutter\flutter\bin;C:\Users\USUARIO\composer;C:\Users\USUARIO\AppData\Roaming\Composer\vendor\bin;C:\xampp\php;C:\Users\USUARIO\AppData\Local\Programs\cursor\resources\app\bin
NUMBER_OF_PROCESSORS=12
SSH_ASKPASS=C:/Program Files/Git/mingw64/bin/git-askpass.exe
SHLVL=1
APPDATA=C:\Users\USUARIO\AppData\Roaming
SYSTEMDRIVE=C:
ZES_ENABLE_SYSMAN=1
PSModulePath=C:\Program Files\WindowsPowerShell\Modules;C:\WINDOWS\system32\WindowsPowerShell\v1.0\Modules
PUBLIC=C:\Users\Public
FPS_BROWSER_USER_PROFILE_STRING=Default
PKG_CONFIG_PATH=C:\Program Files\Git\mingw64\lib\pkgconfig;C:\Program Files\Git\mingw64\share\pkgconfig
MSYSTEM_CHOST=x86_64-w64-mingw32
ORIGINAL_TEMP=C:/Users/USUARIO/AppData/Local/Temp
TERM=xterm
PLINK_PROTOCOL=ssh
INFOPATH=C:\Program Files\Git\mingw64\local\info;C:\Program Files\Git\mingw64\share\info;C:\Program Files\Git\usr\local\info;C:\Program Files\Git\usr\share\info;C:\Program Files\Git\usr\info;C:\Program Files\Git\share\info
MSYS=disable_pcon
PATH=C:/Program Files/Git/mingw64/libexec/git-core;C:\Users\USUARIO\bin;C:\Program Files\Git\mingw64\bin;C:\Program Files\Git\usr\local\bin;C:\Program Files\Git\usr\bin;C:\Program Files\Git\usr\bin;C:\Program Files\Git\mingw64\bin;C:\Program Files\Git\usr\bin;C:\Users\USUARIO\bin;C:\Users\USUARIO\AppData\Local\Programs\cursor\resources\app\bin;C:\Program Files (x86)\Microsoft\Edge\Application;C:\Program Files\Common Files\Oracle\Java\javapath;C:\Program Files (x86)\Common Files\Oracle\Java\java8path;C:\Program Files (x86)\Common Files\Oracle\Java\javapath;C:\WINDOWS\system32;C:\WINDOWS;C:\WINDOWS\System32\Wbem;C:\WINDOWS\System32\WindowsPowerShell\v1.0;C:\WINDOWS\System32\OpenSSH;C:\Program Files\dotnet;C:\Program Files\nodejs;C:\Program Files\RedHat\java-1.8.0-openjdk-1.8.0.412-1\bin;C:\Program Files\RedHat\java-1.8.0-openjdk-1.8.0.412-1\jre\bin;C:\flutter\flutter_windows_3.29.2-stable\flutter\bin;C:\Program Files (x86)\Windows Kits\10\Windows Performance Toolkit;C:\Users\USUARIO\AppData\Local\Programs\Python\Launcher;C:\Users\USUARIO\AppData\Local\Microsoft\WindowsApps;C:\Users\USUARIO\AppData\Local\GitHubDesktop\bin;C:\Users\USUARIO\AppData\Roaming\npm;C:\Users\USUARIO\Documents\IntelliJ IDEA Community Edition 2024.2.1\bin;C:\Program Files\Java\jdk-17\bin;C:\Users\USUARIO\.lm;C:\Users\USUARIO\AppData\Local\Programs\cursor\resources\app\bin;C:\Users\USUARIO\AppData\Local\Programs\Python\Launcher;C:\Users\USUARIO\AppData\Local\Microsoft\WindowsApps;C:\Users\USUARIO\AppData\Local\GitHubDesktop\bin;C:\Users\USUARIO\AppData\Roaming\npm;C:\Users\USUARIO\AppData\Local\Programs\Microsoft VS Code\bin;C:\Users\USUARIO\Documents\IntelliJ IDEA Community Edition 2024.2.1\bin;C:\Program Files\Java\jdk-17\bin;C:\Users\USUARIO\.lmstudio\bin;C:\Users\USUARIO\Documents\proyectosFlutter\flutter\bin;C:\flutter\flutter\flutter\bin;C:\Users\USUARIO\composer;C:\Users\USUARIO\AppData\Roaming\Composer\vendor\bin;C:\xampp\php;C:\Users\USUARIO\AppData\Local\Programs\cursor\resources\app\bin;C:\Program Files\Git\usr\bin\vendor_perl;C:\Program Files\Git\usr\bin\core_perl
MINGW_CHOST=x86_64-w64-mingw32
EFC_20500_1262719628=1
PKG_CONFIG_SYSTEM_LIBRARY_PATH=C:/Program Files/Git/mingw64/lib
EFC_20500_2283032206=1
TMPDIR=C:\Users\USUARIO\AppData\Local\Temp
TMP=C:\Users\USUARIO\AppData\Local\Temp
USERNAME=USUARIO
SHELL=C:\Program Files\Git\usr\bin\bash.exe
HOME=C:\Users\USUARIO
COMSPEC=C:\WINDOWS\system32\cmd.exe
EFC_20500_2775293581=1
LOGONSERVER=\\POADIAZ
USERPROFILE=C:\Users\USUARIO
DISPLAY=needs-to-be-defined
COMMONPROGRAMFILES=C:\Program Files (x86)\Common Files
WINDIR=C:\WINDOWS
_=C:/Program Files/Git/mingw64/bin/git
USERDOMAIN_ROAMINGPROFILE=POADIAZ
JAVA_HOME_temp=C:\Program Files (x86)\Java\jre1.8.0_421
IntelliJ IDEA Community Edition=C:\Users\USUARIO\Documents\IntelliJ IDEA Community Edition 2024.2.1\bin;
HOMEDRIVE=C:
OLDPWD=C:/Users/USUARIO/Documents/proyextosN8N
MINGW_PACKAGE_PREFIX=mingw-w64-x86_64
CommonProgramW6432=C:\Program Files\Common Files
EFC_20500_3789132940=1
PWD=C:/Users/USUARIO/Documents/proyextosN8N/Alta medica N8N
EXEPATH=C:\Program Files\Git
HOSTNAME=poadiaz
PROCESSOR_ARCHITEW6432=AMD64
FPS_BROWSER_APP_PROFILE_STRING=Internet Explorer
PROCESSOR_ARCHITECTURE=x86
PS1=\[\033]0;$TITLEPREFIX:$PWD\007\]\n\[\033[32m\]\u@\h \[\033[35m\]$MSYSTEM \[\033[33m\]\w\[\033[36m\]`__git_ps1`\[\033[0m\]\n$ 
OS=Windows_NT
ProgramW6432=C:\Program Files
PKG_CONFIG_SYSTEM_INCLUDE_PATH=C:/Program Files/Git/mingw64/include
OneDriveConsumer=C:\Users\USUARIO\OneDrive
ALLUSERSPROFILE=C:\ProgramData


------------
Diagnostic: File system
Skipped: False
Success: True
Exception: None
Log:
Temporary directory is 'C:\Users\USUARIO\AppData\Local\Temp\'...
Checking basic file I/O...
Writing to temporary file 'C:\Users\USUARIO\AppData\Local\Temp\fef6465582fff02988430380'... OK
Reading from temporary file 'C:\Users\USUARIO\AppData\Local\Temp\fef6465582fff02988430380'... OK
Deleting temporary file 'C:\Users\USUARIO\AppData\Local\Temp\fef6465582fff02988430380'... OK
Testing IFileSystem instance...
UserHomePath: C:\Users\USUARIO
UserDataDirectoryPath: C:\Users\USUARIO\.gcm
GetCurrentDirectory(): C:\Users\USUARIO\Documents\proyextosN8N\Alta medica N8N

------------
Diagnostic: Networking
Skipped: False
Success: True
Exception: None
Log:
Checking networking and HTTP stack...
Creating HTTP client... OK
IsNetworkAvailable: True
Sending HEAD request to http://example.com...Sending HEAD request to https://example.com... OK
 OK
Acquiring free TCP port... OK
Testing local HTTP loopback connections...
Creating new HTTP listener for http://localhost:56270/... OK
Waiting for loopback connection... OK
Writing response... OK
Waiting for response data... OK
Loopback connection data OK

------------
Diagnostic: Git
Skipped: False
Success: True
Exception: None
Log:
Getting Git version... OK
Git version is '2.45.2.windows.1'
Locating current repository...Git repository at 'C:/Users/USUARIO/Documents/proyextosN8N/Alta medica N8N/.git'
 OK
Listing all Git configuration... OK
Git configuration:
file:C:/Program Files/Git/etc/gitconfig	diff.astextplain.textconv=astextplain
file:C:/Program Files/Git/etc/gitconfig	filter.lfs.clean=git-lfs clean -- %f
file:C:/Program Files/Git/etc/gitconfig	filter.lfs.smudge=git-lfs smudge -- %f
file:C:/Program Files/Git/etc/gitconfig	filter.lfs.process=git-lfs filter-process
file:C:/Program Files/Git/etc/gitconfig	filter.lfs.required=true
file:C:/Program Files/Git/etc/gitconfig	http.sslbackend=openssl
file:C:/Program Files/Git/etc/gitconfig	http.sslcainfo=C:/Program Files/Git/mingw64/etc/ssl/certs/ca-bundle.crt
file:C:/Program Files/Git/etc/gitconfig	core.autocrlf=true
file:C:/Program Files/Git/etc/gitconfig	core.fscache=true
file:C:/Program Files/Git/etc/gitconfig	core.symlinks=false
file:C:/Program Files/Git/etc/gitconfig	pull.rebase=false
file:C:/Program Files/Git/etc/gitconfig	credential.helper=manager
file:C:/Program Files/Git/etc/gitconfig	credential.https://dev.azure.com.usehttppath=true
file:C:/Program Files/Git/etc/gitconfig	init.defaultbranch=master
file:C:/Users/USUARIO/.gitconfig	filter.lfs.clean=git-lfs clean -- %f
file:C:/Users/USUARIO/.gitconfig	filter.lfs.smudge=git-lfs smudge -- %f
file:C:/Users/USUARIO/.gitconfig	filter.lfs.process=git-lfs filter-process
file:C:/Users/USUARIO/.gitconfig	filter.lfs.required=true
file:C:/Users/USUARIO/.gitconfig	user.name=Jors castro
file:C:/Users/USUARIO/.gitconfig	user.email=jbreiner.castro@outlook.com
file:C:/Users/USUARIO/.gitconfig	core.editor="C:\Program Files\Sublime Text 3\subl.exe" -w
file:C:/Users/USUARIO/.gitconfig	safe.directory=*
file:.git/config	core.repositoryformatversion=0
file:.git/config	core.filemode=false
file:.git/config	core.bare=false
file:.git/config	core.logallrefupdates=true
file:.git/config	core.symlinks=false
file:.git/config	core.ignorecase=true
file:.git/config	lfs.repositoryformatversion=0
file:.git/config	remote.origin.url=https://github.com/masterprueba/Alta-medica-N8N.git
file:.git/config	remote.origin.fetch=+refs/heads/*:refs/remotes/origin/*
file:.git/config	branch.main.remote=origin
file:.git/config	branch.main.merge=refs/heads/main
file:.git/config	branch.main.vscode-merge-base=origin/main


------------
Diagnostic: Credential storage
Skipped: False
Success: True
Exception: None
Log:
ICredentialStore instance is of type: CredentialStore
Writing test credential... OK
Reading test credential... OK
Deleting test credential... OK

------------
Diagnostic: Microsoft authentication (AAD/MSA)
Skipped: False
Success: True
Exception: None
Log:
Broker is not enabled.
Flow type is: Auto
Gathering MSAL token cache data... OK
CacheDirectory: C:\Users\USUARIO\AppData\Local\.IdentityService
CacheFileName: msal.cache
CacheFilePath: C:\Users\USUARIO\AppData\Local\.IdentityService\msal.cache
Creating cache helper... OK
Verifying MSAL token cache persistence... OK

------------
Diagnostic: GitHub API
Skipped: False
Success: True
Exception: None
Log:
Using 'https://github.com/' as API target.
Querying '/meta' endpoint... OK

